{"C:\\Users\\vntanpa\\Desktop\\cypress-fase-especialista\\curso-testes-automatizados\\Aula 2\\array.js": {"path":"C:\\Users\\vntanpa\\Desktop\\cypress-fase-especialista\\curso-testes-automatizados\\Aula 2\\array.js","statementMap":{"0":{"start":{"line":9,"column":8},"end":{"line":9,"column":45}},"1":{"start":{"line":10,"column":8},"end":{"line":10,"column":49}},"2":{"start":{"line":11,"column":8},"end":{"line":11,"column":51}},"3":{"start":{"line":20,"column":22},"end":{"line":20,"column":49}},"4":{"start":{"line":21,"column":8},"end":{"line":23,"column":11}},"5":{"start":{"line":22,"column":12},"end":{"line":22,"column":49}},"6":{"start":{"line":33,"column":8},"end":{"line":36,"column":15}},"7":{"start":{"line":34,"column":12},"end":{"line":36,"column":15}},"8":{"start":{"line":35,"column":16},"end":{"line":35,"column":66}},"9":{"start":{"line":37,"column":8},"end":{"line":38,"column":42}},"10":{"start":{"line":38,"column":12},"end":{"line":38,"column":42}},"11":{"start":{"line":46,"column":19},"end":{"line":46,"column":20}},"12":{"start":{"line":48,"column":8},"end":{"line":53,"column":9}},"13":{"start":{"line":48,"column":21},"end":{"line":48,"column":22}},"14":{"start":{"line":49,"column":12},"end":{"line":52,"column":13}},"15":{"start":{"line":50,"column":16},"end":{"line":50,"column":55}},"16":{"start":{"line":51,"column":16},"end":{"line":51,"column":51}},"17":{"start":{"line":54,"column":8},"end":{"line":54,"column":23}},"18":{"start":{"line":62,"column":18},"end":{"line":62,"column":19}},"19":{"start":{"line":63,"column":8},"end":{"line":65,"column":9}},"20":{"start":{"line":63,"column":21},"end":{"line":63,"column":22}},"21":{"start":{"line":64,"column":12},"end":{"line":64,"column":45}},"22":{"start":{"line":66,"column":8},"end":{"line":66,"column":19}},"23":{"start":{"line":73,"column":8},"end":{"line":73,"column":58}},"24":{"start":{"line":81,"column":8},"end":{"line":81,"column":47}},"25":{"start":{"line":87,"column":0},"end":{"line":87,"column":36}}},"fnMap":{"0":{"name":"(anonymous_0)","decl":{"start":{"line":8,"column":4},"end":{"line":8,"column":5}},"loc":{"start":{"line":8,"column":69},"end":{"line":12,"column":5}},"line":8},"1":{"name":"(anonymous_1)","decl":{"start":{"line":19,"column":4},"end":{"line":19,"column":5}},"loc":{"start":{"line":19,"column":29},"end":{"line":24,"column":5}},"line":19},"2":{"name":"(anonymous_2)","decl":{"start":{"line":21,"column":42},"end":{"line":21,"column":43}},"loc":{"start":{"line":21,"column":58},"end":{"line":23,"column":9}},"line":21},"3":{"name":"(anonymous_3)","decl":{"start":{"line":32,"column":4},"end":{"line":32,"column":5}},"loc":{"start":{"line":32,"column":44},"end":{"line":39,"column":5}},"line":32},"4":{"name":"(anonymous_4)","decl":{"start":{"line":34,"column":47},"end":{"line":34,"column":48}},"loc":{"start":{"line":34,"column":56},"end":{"line":36,"column":13}},"line":34},"5":{"name":"(anonymous_5)","decl":{"start":{"line":45,"column":4},"end":{"line":45,"column":5}},"loc":{"start":{"line":45,"column":22},"end":{"line":55,"column":5}},"line":45},"6":{"name":"(anonymous_6)","decl":{"start":{"line":61,"column":4},"end":{"line":61,"column":5}},"loc":{"start":{"line":61,"column":10},"end":{"line":67,"column":5}},"line":61},"7":{"name":"(anonymous_7)","decl":{"start":{"line":72,"column":4},"end":{"line":72,"column":5}},"loc":{"start":{"line":72,"column":10},"end":{"line":74,"column":5}},"line":72},"8":{"name":"(anonymous_8)","decl":{"start":{"line":80,"column":5},"end":{"line":80,"column":6}},"loc":{"start":{"line":80,"column":19},"end":{"line":82,"column":5}},"line":80}},"branchMap":{"0":{"loc":{"start":{"line":33,"column":8},"end":{"line":36,"column":15}},"type":"if","locations":[{"start":{"line":33,"column":8},"end":{"line":36,"column":15}},{"start":{},"end":{}}],"line":33},"1":{"loc":{"start":{"line":35,"column":23},"end":{"line":35,"column":65}},"type":"binary-expr","locations":[{"start":{"line":35,"column":24},"end":{"line":35,"column":42}},{"start":{"line":35,"column":47},"end":{"line":35,"column":65}}],"line":35},"2":{"loc":{"start":{"line":37,"column":8},"end":{"line":38,"column":42}},"type":"if","locations":[{"start":{"line":37,"column":8},"end":{"line":38,"column":42}},{"start":{},"end":{}}],"line":37},"3":{"loc":{"start":{"line":49,"column":12},"end":{"line":52,"column":13}},"type":"if","locations":[{"start":{"line":49,"column":12},"end":{"line":52,"column":13}},{"start":{},"end":{}}],"line":49}},"s":{"0":2,"1":2,"2":2,"3":2,"4":2,"5":6,"6":2,"7":1,"8":3,"9":1,"10":1,"11":1,"12":1,"13":1,"14":3,"15":3,"16":3,"17":1,"18":0,"19":0,"20":0,"21":0,"22":0,"23":2,"24":0,"25":1},"f":{"0":2,"1":2,"2":6,"3":2,"4":3,"5":1,"6":0,"7":2,"8":0},"b":{"0":[1,1],"1":[3,1],"2":[1,0],"3":[3,0]},"_coverageSchema":"1a1c01bbd47fc00a2c39e90264f33305004495a9","hash":"8bac02a0161f1b22fcff0c4a4e8eae01fa6efc1a"}
,"C:\\Users\\vntanpa\\Desktop\\cypress-fase-especialista\\curso-testes-automatizados\\Aula 2\\atividade1.js": {"path":"C:\\Users\\vntanpa\\Desktop\\cypress-fase-especialista\\curso-testes-automatizados\\Aula 2\\atividade1.js","statementMap":{"0":{"start":{"line":9,"column":8},"end":{"line":9,"column":29}},"1":{"start":{"line":18,"column":28},"end":{"line":18,"column":50}},"2":{"start":{"line":19,"column":22},"end":{"line":19,"column":45}},"3":{"start":{"line":20,"column":8},"end":{"line":22,"column":22}},"4":{"start":{"line":21,"column":12},"end":{"line":21,"column":45}},"5":{"start":{"line":32,"column":28},"end":{"line":32,"column":50}},"6":{"start":{"line":33,"column":22},"end":{"line":33,"column":45}},"7":{"start":{"line":34,"column":8},"end":{"line":36,"column":22}},"8":{"start":{"line":35,"column":12},"end":{"line":35,"column":45}},"9":{"start":{"line":46,"column":23},"end":{"line":46,"column":80}},"10":{"start":{"line":47,"column":8},"end":{"line":47,"column":32}},"11":{"start":{"line":60,"column":8},"end":{"line":62,"column":9}},"12":{"start":{"line":61,"column":12},"end":{"line":61,"column":22}},"13":{"start":{"line":63,"column":8},"end":{"line":63,"column":109}},"14":{"start":{"line":76,"column":19},"end":{"line":76,"column":26}},"15":{"start":{"line":77,"column":20},"end":{"line":77,"column":41}},"16":{"start":{"line":78,"column":8},"end":{"line":78,"column":39}},"17":{"start":{"line":79,"column":8},"end":{"line":79,"column":52}},"18":{"start":{"line":80,"column":8},"end":{"line":80,"column":20}},"19":{"start":{"line":85,"column":0},"end":{"line":85,"column":37}}},"fnMap":{"0":{"name":"(anonymous_0)","decl":{"start":{"line":8,"column":4},"end":{"line":8,"column":5}},"loc":{"start":{"line":8,"column":24},"end":{"line":10,"column":5}},"line":8},"1":{"name":"(anonymous_1)","decl":{"start":{"line":17,"column":4},"end":{"line":17,"column":5}},"loc":{"start":{"line":17,"column":27},"end":{"line":24,"column":5}},"line":17},"2":{"name":"(anonymous_2)","decl":{"start":{"line":20,"column":34},"end":{"line":20,"column":35}},"loc":{"start":{"line":20,"column":50},"end":{"line":22,"column":9}},"line":20},"3":{"name":"(anonymous_3)","decl":{"start":{"line":31,"column":4},"end":{"line":31,"column":5}},"loc":{"start":{"line":31,"column":26},"end":{"line":37,"column":5}},"line":31},"4":{"name":"(anonymous_4)","decl":{"start":{"line":34,"column":34},"end":{"line":34,"column":35}},"loc":{"start":{"line":34,"column":50},"end":{"line":36,"column":9}},"line":34},"5":{"name":"(anonymous_5)","decl":{"start":{"line":45,"column":4},"end":{"line":45,"column":5}},"loc":{"start":{"line":45,"column":46},"end":{"line":49,"column":5}},"line":45},"6":{"name":"(anonymous_6)","decl":{"start":{"line":59,"column":4},"end":{"line":59,"column":5}},"loc":{"start":{"line":59,"column":16},"end":{"line":64,"column":5}},"line":59},"7":{"name":"(anonymous_7)","decl":{"start":{"line":75,"column":4},"end":{"line":75,"column":5}},"loc":{"start":{"line":75,"column":20},"end":{"line":81,"column":5}},"line":75}},"branchMap":{"0":{"loc":{"start":{"line":60,"column":8},"end":{"line":62,"column":9}},"type":"if","locations":[{"start":{"line":60,"column":8},"end":{"line":62,"column":9}},{"start":{},"end":{}}],"line":60}},"s":{"0":2,"1":1,"2":1,"3":1,"4":6,"5":1,"6":1,"7":1,"8":6,"9":1,"10":1,"11":2,"12":1,"13":1,"14":1,"15":1,"16":1,"17":1,"18":1,"19":1},"f":{"0":2,"1":1,"2":6,"3":1,"4":6,"5":1,"6":2,"7":1},"b":{"0":[1,1]},"_coverageSchema":"1a1c01bbd47fc00a2c39e90264f33305004495a9","hash":"d640ba281d5522d7faaf24aec092e876b733eb5a"}
,"C:\\Users\\vntanpa\\Desktop\\cypress-fase-especialista\\curso-testes-automatizados\\Aula 2\\atividade1ClassConsumer.js": {"path":"C:\\Users\\vntanpa\\Desktop\\cypress-fase-especialista\\curso-testes-automatizados\\Aula 2\\atividade1ClassConsumer.js","statementMap":{"0":{"start":{"line":1,"column":28},"end":{"line":1,"column":51}},"1":{"start":{"line":9,"column":8},"end":{"line":9,"column":37}},"2":{"start":{"line":11,"column":8},"end":{"line":11,"column":59}},"3":{"start":{"line":20,"column":9},"end":{"line":20,"column":56}},"4":{"start":{"line":29,"column":8},"end":{"line":29,"column":50}},"5":{"start":{"line":33,"column":0},"end":{"line":33,"column":31}}},"fnMap":{"0":{"name":"(anonymous_0)","decl":{"start":{"line":8,"column":5},"end":{"line":8,"column":6}},"loc":{"start":{"line":8,"column":29},"end":{"line":12,"column":6}},"line":8},"1":{"name":"(anonymous_1)","decl":{"start":{"line":19,"column":5},"end":{"line":19,"column":6}},"loc":{"start":{"line":19,"column":31},"end":{"line":21,"column":6}},"line":19},"2":{"name":"(anonymous_2)","decl":{"start":{"line":28,"column":6},"end":{"line":28,"column":7}},"loc":{"start":{"line":28,"column":32},"end":{"line":30,"column":5}},"line":28}},"branchMap":{},"s":{"0":1,"1":3,"2":3,"3":1,"4":1,"5":1},"f":{"0":3,"1":1,"2":1},"b":{},"_coverageSchema":"1a1c01bbd47fc00a2c39e90264f33305004495a9","hash":"4bd05d979d65de00f9dee1c614b08cbb9d9df6aa"}
,"C:\\Users\\vntanpa\\Desktop\\cypress-fase-especialista\\curso-testes-automatizados\\Aula 2\\developers.js": {"path":"C:\\Users\\vntanpa\\Desktop\\cypress-fase-especialista\\curso-testes-automatizados\\Aula 2\\developers.js","statementMap":{"0":{"start":{"line":1,"column":27},"end":{"line":1,"column":45}},"1":{"start":{"line":11,"column":8},"end":{"line":11,"column":29}},"2":{"start":{"line":12,"column":8},"end":{"line":12,"column":27}},"3":{"start":{"line":13,"column":8},"end":{"line":13,"column":25}},"4":{"start":{"line":15,"column":8},"end":{"line":15,"column":66}},"5":{"start":{"line":24,"column":9},"end":{"line":24,"column":48}},"6":{"start":{"line":28,"column":0},"end":{"line":28,"column":28}}},"fnMap":{"0":{"name":"(anonymous_0)","decl":{"start":{"line":10,"column":5},"end":{"line":10,"column":6}},"loc":{"start":{"line":10,"column":38},"end":{"line":16,"column":6}},"line":10},"1":{"name":"(anonymous_1)","decl":{"start":{"line":23,"column":5},"end":{"line":23,"column":6}},"loc":{"start":{"line":23,"column":21},"end":{"line":25,"column":6}},"line":23}},"branchMap":{},"s":{"0":1,"1":2,"2":2,"3":2,"4":2,"5":1,"6":1},"f":{"0":2,"1":1},"b":{},"_coverageSchema":"1a1c01bbd47fc00a2c39e90264f33305004495a9","hash":"9ffbe07322ec614a85c43ed072434f0b0eac8b77"}
}
