TN:
SF:Aula 2\array.js
FN:8,(anonymous_0)
FN:19,(anonymous_1)
FN:21,(anonymous_2)
FN:32,(anonymous_3)
FN:34,(anonymous_4)
FN:45,(anonymous_5)
FN:61,(anonymous_6)
FN:72,(anonymous_7)
FN:80,(anonymous_8)
FNF:9
FNH:7
FNDA:2,(anonymous_0)
FNDA:2,(anonymous_1)
FNDA:6,(anonymous_2)
FNDA:2,(anonymous_3)
FNDA:3,(anonymous_4)
FNDA:1,(anonymous_5)
FNDA:0,(anonymous_6)
FNDA:2,(anonymous_7)
FNDA:0,(anonymous_8)
DA:9,2
DA:10,2
DA:11,2
DA:20,2
DA:21,2
DA:22,6
DA:33,2
DA:34,1
DA:35,3
DA:37,1
DA:38,1
DA:46,1
DA:48,1
DA:49,3
DA:50,3
DA:51,3
DA:54,1
DA:62,0
DA:63,0
DA:64,0
DA:66,0
DA:73,2
DA:81,0
DA:87,1
LF:24
LH:19
BRDA:33,0,0,1
BRDA:33,0,1,1
BRDA:35,1,0,3
BRDA:35,1,1,1
BRDA:37,2,0,1
BRDA:37,2,1,0
BRDA:49,3,0,3
BRDA:49,3,1,0
BRF:8
BRH:6
end_of_record
TN:
SF:Aula 2\atividade1.js
FN:8,(anonymous_0)
FN:17,(anonymous_1)
FN:20,(anonymous_2)
FN:31,(anonymous_3)
FN:34,(anonymous_4)
FN:45,(anonymous_5)
FN:59,(anonymous_6)
FN:75,(anonymous_7)
FNF:8
FNH:8
FNDA:2,(anonymous_0)
FNDA:1,(anonymous_1)
FNDA:6,(anonymous_2)
FNDA:1,(anonymous_3)
FNDA:6,(anonymous_4)
FNDA:1,(anonymous_5)
FNDA:2,(anonymous_6)
FNDA:1,(anonymous_7)
DA:9,2
DA:18,1
DA:19,1
DA:20,1
DA:21,6
DA:32,1
DA:33,1
DA:34,1
DA:35,6
DA:46,1
DA:47,1
DA:60,2
DA:61,1
DA:63,1
DA:76,1
DA:77,1
DA:78,1
DA:79,1
DA:80,1
DA:85,1
LF:20
LH:20
BRDA:60,0,0,1
BRDA:60,0,1,1
BRF:2
BRH:2
end_of_record
TN:
SF:Aula 2\atividade1ClassConsumer.js
FN:8,(anonymous_0)
FN:19,(anonymous_1)
FN:28,(anonymous_2)
FNF:3
FNH:3
FNDA:3,(anonymous_0)
FNDA:1,(anonymous_1)
FNDA:1,(anonymous_2)
DA:1,1
DA:9,3
DA:11,3
DA:20,1
DA:29,1
DA:33,1
LF:6
LH:6
BRF:0
BRH:0
end_of_record
TN:
SF:Aula 2\developers.js
FN:10,(anonymous_0)
FN:23,(anonymous_1)
FNF:2
FNH:2
FNDA:2,(anonymous_0)
FNDA:1,(anonymous_1)
DA:1,1
DA:11,2
DA:12,2
DA:13,2
DA:15,2
DA:24,1
DA:28,1
LF:7
LH:7
BRF:0
BRH:0
end_of_record
TN:
SF:Aula 3/server/routes/index.js
FNF:0
FNH:0
DA:1,2
DA:2,2
DA:4,2
DA:6,2
DA:8,2
LF:5
LH:5
BRF:0
BRH:0
end_of_record
TN:
SF:Aula 3/server/routes/reports/documents.js
FN:4,(anonymous_0)
FNF:1
FNH:1
FNDA:2,(anonymous_0)
DA:1,2
DA:2,2
DA:4,2
DA:6,2
DA:7,2
DA:8,2
DA:9,2
DA:10,2
DA:12,2
DA:15,2
DA:17,0
DA:21,2
LF:12
LH:11
BRF:0
BRH:0
end_of_record
